<?xml version="1.0" encoding="UTF-8"?>
<!-- Generated by org.testng.reporters.JUnitReportReporter -->
<testsuite skipped="0" hostname="DESKTOP-STRP6VM" name="TestVloopGamePage" tests="9" failures="0" timestamp="03 окт 2017 18:34:06 GMT" time="478.045" errors="0">
  <testcase name="checkCommentEditing" time="26.840" classname="TestVloopGamePage"/>
  <testcase name="checkSkipBack" time="19.217" classname="TestVloopGamePage"/>
  <testcase name="checkThatVideoIsPlayed" time="21.682" classname="TestVloopGamePage"/>
  <testcase name="checkLoadImageCanvas" time="40.343" classname="TestVloopGamePage"/>
  <testcase name="checkScreenShot" time="163.604" classname="TestVloopGamePage"/>
  <testcase name="checkCommentAdding" time="25.786" classname="TestVloopGamePage"/>
  <testcase name="checkSkipForward" time="22.942" classname="TestVloopGamePage"/>
  <testcase name="checkAddingCommentByTag" time="125.212" classname="TestVloopGamePage"/>
  <testcase name="checkTagAdding" time="32.419" classname="TestVloopGamePage"/>
</testsuite> <!-- TestVloopGamePage -->
