<?xml version="1.0" encoding="UTF-8"?>
<!-- Generated by org.testng.reporters.JUnitReportReporter -->
<testsuite skipped="0" hostname="DESKTOP-STRP6VM" name="TestsVloop" tests="2" failures="0" timestamp="14 авг 2017 18:11:35 GMT" time="21.334" errors="0">
  <testcase name="checkLogInBtnEnabled" time="9.932" classname="TestsVloop"/>
  <testcase name="checkLogInVloop" time="11.402" classname="TestsVloop"/>
</testsuite> <!-- TestsVloop -->
