<?xml version="1.0" encoding="UTF-8"?>
<!-- Generated by org.testng.reporters.JUnitReportReporter -->
<testsuite skipped="0" hostname="DESKTOP-STRP6VM" name="TestsVloopHomePage" tests="8" failures="0" timestamp="28 сен 2017 15:03:58 GMT" time="342.786" errors="0">
  <testcase name="checkVdUploadingFromDrBox" time="28.529" classname="TestsVloopHomePage"/>
  <testcase name="checkNewFolderIsAdded" time="23.097" classname="TestsVloopHomePage"/>
  <testcase name="checkEditingFolder" time="34.697" classname="TestsVloopHomePage"/>
  <testcase name="checkVdEditing" time="29.261" classname="TestsVloopHomePage"/>
  <testcase name="checkVdUploadingYouTube" time="27.162" classname="TestsVloopHomePage"/>
  <testcase name="checkFileUploading" time="44.929" classname="TestsVloopHomePage"/>
  <testcase name="checkVdUploadingPC" time="106.166" classname="TestsVloopHomePage"/>
  <testcase name="checkFileEditing" time="48.945" classname="TestsVloopHomePage"/>
</testsuite> <!-- TestsVloopHomePage -->
