<?xml version="1.0" encoding="UTF-8"?>
<!-- Generated by org.testng.reporters.JUnitReportReporter -->
<testsuite skipped="0" hostname="DESKTOP-STRP6VM" name="TestsVloop" tests="4" failures="0" timestamp="28 сен 2017 15:03:58 GMT" time="41.950" errors="0">
  <testcase name="checkLogInBtnEnabled" time="11.378" classname="TestsVloop"/>
  <testcase name="checkContactUsLinkIsClickable" time="8.629" classname="TestsVloop"/>
  <testcase name="checkWrongEmail" time="10.234" classname="TestsVloop"/>
  <testcase name="checkLogIn" time="11.709" classname="TestsVloop"/>
</testsuite> <!-- TestsVloop -->
