<?xml version="1.0" encoding="UTF-8"?>
<!-- Generated by org.testng.reporters.JUnitReportReporter -->
<testsuite skipped="0" hostname="DESKTOP-STRP6VM" name="TestsVloopHomePage" tests="8" failures="0" timestamp="13 сен 2017 11:23:40 GMT" time="111.446" errors="0">
  <testcase name="checkFileEditing" time="22.692" classname="TestsVloopHomePage"/>
  <testcase name="checkFileUploading" time="19.436" classname="TestsVloopHomePage"/>
  <testcase name="checkNewFolderIsAdded" time="5.088" classname="TestsVloopHomePage"/>
  <testcase name="checkEditingFolder" time="8.261" classname="TestsVloopHomePage"/>
  <testcase name="checkVdUploadingYouTube" time="8.912" classname="TestsVloopHomePage"/>
  <testcase name="checkVdUploadingFromDrBox" time="16.033" classname="TestsVloopHomePage"/>
  <testcase name="checkVdEditing" time="14.096" classname="TestsVloopHomePage"/>
  <testcase name="checkVdUploadingPC" time="16.928" classname="TestsVloopHomePage"/>
</testsuite> <!-- TestsVloopHomePage -->
