<?xml version="1.0" encoding="UTF-8"?>
<!-- Generated by org.testng.reporters.JUnitReportReporter -->
<testsuite skipped="0" hostname="DESKTOP-STRP6VM" name="TestsVloop" tests="5" failures="0" timestamp="04 сен 2017 11:08:56 GMT" time="48.381" errors="0">
  <testcase name="checkSignUpLinkIsClickable" time="8.958" classname="TestsVloop"/>
  <testcase name="checkWrongEmail" time="10.792" classname="TestsVloop"/>
  <testcase name="checkContactUsLinkIsClickable" time="9.240" classname="TestsVloop"/>
  <testcase name="checkLogInBtnEnabled" time="8.761" classname="TestsVloop"/>
  <testcase name="checkLogInVloop" time="10.630" classname="TestsVloop"/>
</testsuite> <!-- TestsVloop -->
