<?xml version="1.0" encoding="UTF-8"?>
<!-- Generated by org.testng.reporters.JUnitReportReporter -->
<testsuite skipped="0" hostname="DESKTOP-STRP6VM" name="TestsVloopHomePage" tests="4" failures="0" timestamp="04 сен 2017 11:08:56 GMT" time="58.873" errors="0">
  <testcase name="checkDeletingFolder" time="15.334" classname="TestsVloopHomePage"/>
  <testcase name="checkEditingFolder" time="15.374" classname="TestsVloopHomePage"/>
  <testcase name="checkFileUploading" time="15.420" classname="TestsVloopHomePage"/>
  <testcase name="checkNewFolderIsAdded" time="12.745" classname="TestsVloopHomePage"/>
</testsuite> <!-- TestsVloopHomePage -->
