<?xml version="1.0" encoding="UTF-8"?>
<!-- Generated by org.testng.reporters.JUnitReportReporter -->
<testsuite skipped="0" hostname="DESKTOP-STRP6VM" name="TestsVloopHomePage" tests="8" failures="0" timestamp="03 окт 2017 18:34:06 GMT" time="354.581" errors="0">
  <testcase name="checkNewFolderIsAdded" time="24.441" classname="TestsVloopHomePage"/>
  <testcase name="checkVdUploadingPC" time="108.263" classname="TestsVloopHomePage"/>
  <testcase name="checkVdUploadingYouTube" time="28.974" classname="TestsVloopHomePage"/>
  <testcase name="checkFileUploading" time="46.374" classname="TestsVloopHomePage"/>
  <testcase name="checkEditingFolder" time="26.128" classname="TestsVloopHomePage"/>
  <testcase name="checkVdUploadingFromDrBox" time="40.563" classname="TestsVloopHomePage"/>
  <testcase name="checkVdEditing" time="28.858" classname="TestsVloopHomePage"/>
  <testcase name="checkFileEditing" time="50.980" classname="TestsVloopHomePage"/>
</testsuite> <!-- TestsVloopHomePage -->
