<?xml version="1.0" encoding="UTF-8"?>
<!-- Generated by org.testng.reporters.JUnitReportReporter -->
<testsuite skipped="0" hostname="DESKTOP-STRP6VM" name="TestsVloop" tests="4" failures="0" timestamp="03 окт 2017 18:34:06 GMT" time="42.098" errors="0">
  <testcase name="checkWrongEmail" time="11.689" classname="TestsVloop"/>
  <testcase name="checkLogIn" time="11.403" classname="TestsVloop"/>
  <testcase name="checkLogInBtnEnabled" time="9.349" classname="TestsVloop"/>
  <testcase name="checkContactUsLinkIsClickable" time="9.657" classname="TestsVloop"/>
</testsuite> <!-- TestsVloop -->
