<?xml version="1.0" encoding="UTF-8"?>
<!-- Generated by org.testng.reporters.JUnitReportReporter -->
<testsuite skipped="0" hostname="DESKTOP-STRP6VM" name="TestVloopGamePage" tests="9" failures="0" timestamp="28 сен 2017 15:03:58 GMT" time="453.494" errors="0">
  <testcase name="checkAddingCommentByTag" time="35.303" classname="TestVloopGamePage"/>
  <testcase name="checkThatVideoIsPlayed" time="22.188" classname="TestVloopGamePage"/>
  <testcase name="checkScreenShot" time="238.151" classname="TestVloopGamePage"/>
  <testcase name="checkLoadImageCanvas" time="44.221" classname="TestVloopGamePage"/>
  <testcase name="checkCommentAdding" time="21.629" classname="TestVloopGamePage"/>
  <testcase name="checkCommentEditing" time="25.355" classname="TestVloopGamePage"/>
  <testcase name="checkSkipBack" time="19.021" classname="TestVloopGamePage"/>
  <testcase name="checkSkipForward" time="17.311" classname="TestVloopGamePage"/>
  <testcase name="checkTagAdding" time="30.315" classname="TestVloopGamePage"/>
</testsuite> <!-- TestVloopGamePage -->
